<?xml version="1.0" encoding="UTF-8"?>
<!-- Generated by org.testng.reporters.JUnitReportReporter -->
<testsuite skipped="0" hostname="DESKTOP-BRRH2CJ" name="com.wip.test.LoginPageTest" tests="3" failures="0" timestamp="21 Apr 2020 04:17:19 GMT" time="72.788" errors="0">
  <testcase name="verifyEndtoEndFlowOfPurchasingtheProduct" time="46.166" classname="com.wip.test.LoginPageTest"/>
  <testcase name="verifySuccessfullLoginFunctionality" time="15.868" classname="com.wip.test.LoginPageTest"/>
  <testcase name="verifyInvalidLoginFunctionality" time="10.754" classname="com.wip.test.LoginPageTest"/>
</testsuite> <!-- com.wip.test.LoginPageTest -->
